[      95ms] [INFO] %cDownload the React DevTools for a better development experience: https://react.dev/link/react-devtools font-weight:bold @ http://localhost:4321/node_modules/.vite/deps/@astrojs_react_client__js.js?v=878a0ded:20103
[    3762ms] [WARNING] The resource https://w-corp-staticblitz.com/fetch.worker.4c73681d.js was preloaded using link preload but not used within a few seconds from the window's load event. Please make sure it has an appropriate `as` value and it is preloaded intentionally. @ https://stackblitz.com/headless?version=1.5.1:0
[   12207ms] [WARNING] The resource https://w-corp-staticblitz.com/fetch.worker.4c73681d.js was preloaded using link preload but not used within a few seconds from the window's load event. Please make sure it has an appropriate `as` value and it is preloaded intentionally. @ https://stackblitz.com/headless?version=1.5.1:0
[   32555ms] [INFO] %cDownload the React DevTools for a better development experience: https://react.dev/link/react-devtools font-weight:bold @ http://localhost:4321/node_modules/.vite/deps/@astrojs_react_client__js.js?v=878a0ded:20103
[   35908ms] [WARNING] The resource https://w-corp-staticblitz.com/fetch.worker.4c73681d.js was preloaded using link preload but not used within a few seconds from the window's load event. Please make sure it has an appropriate `as` value and it is preloaded intentionally. @ https://stackblitz.com/headless?version=1.5.1:0
[   41353ms] [WARNING] The resource https://w-corp-staticblitz.com/fetch.worker.4c73681d.js was preloaded using link preload but not used within a few seconds from the window's load event. Please make sure it has an appropriate `as` value and it is preloaded intentionally. @ https://stackblitz.com/headless?version=1.5.1:0
[   63230ms] [LOG] [TK Bridge] Sending state to 1 frames (rev: 1777095480148) {payload: Object, source: tk-loanword-arc-bridge, type: lesson-state} @ http://localhost:4321/src/components/LoanwordArcBridge.tsx?t=1777095510615:110
[   63232ms] [LOG] [TK Bridge] Sending state to 1 frames (rev: 1777095480149) {payload: Object, source: tk-loanword-arc-bridge, type: lesson-state} @ http://localhost:4321/src/components/LoanwordArcBridge.tsx?t=1777095510615:110
[   63532ms] [LOG] [TK Bridge] Sending state to 1 frames (rev: 1777095480149) {payload: Object, source: tk-loanword-arc-bridge, type: lesson-state} @ http://localhost:4321/src/components/LoanwordArcBridge.tsx?t=1777095510615:110
[   64132ms] [LOG] [TK Bridge] Sending state to 1 frames (rev: 1777095480149) {payload: Object, source: tk-loanword-arc-bridge, type: lesson-state} @ http://localhost:4321/src/components/LoanwordArcBridge.tsx?t=1777095510615:110
[   64832ms] [LOG] [TK Bridge] Sending state to 1 frames (rev: 1777095480149) {payload: Object, source: tk-loanword-arc-bridge, type: lesson-state} @ http://localhost:4321/src/components/LoanwordArcBridge.tsx?t=1777095510615:110
[   66432ms] [LOG] [TK Bridge] Sending state to 1 frames (rev: 1777095480149) {payload: Object, source: tk-loanword-arc-bridge, type: lesson-state} @ http://localhost:4321/src/components/LoanwordArcBridge.tsx?t=1777095510615:110
[   71326ms] [INFO] %cDownload the React DevTools for a better development experience: https://react.dev/link/react-devtools font-weight:bold @ http://localhost:4321/node_modules/.vite/deps/@astrojs_react_client__js.js?v=878a0ded:20103
[   71356ms] [LOG] [TK Bridge] Sending state to 0 frames (rev: 1777095518916) {payload: Object, source: tk-loanword-arc-bridge, type: lesson-state} @ http://localhost:4321/src/components/LoanwordArcBridge.tsx:110
[   71379ms] [LOG] [TK Bridge] Sending state to 0 frames (rev: 1777095518917) {payload: Object, source: tk-loanword-arc-bridge, type: lesson-state} @ http://localhost:4321/src/components/LoanwordArcBridge.tsx:110
[   71679ms] [LOG] [TK Bridge] Sending state to 0 frames (rev: 1777095518917) {payload: Object, source: tk-loanword-arc-bridge, type: lesson-state} @ http://localhost:4321/src/components/LoanwordArcBridge.tsx:110
[   72279ms] [LOG] [TK Bridge] Sending state to 0 frames (rev: 1777095518917) {payload: Object, source: tk-loanword-arc-bridge, type: lesson-state} @ http://localhost:4321/src/components/LoanwordArcBridge.tsx:110
[   72980ms] [LOG] [TK Bridge] Sending state to 0 frames (rev: 1777095518917) {payload: Object, source: tk-loanword-arc-bridge, type: lesson-state} @ http://localhost:4321/src/components/LoanwordArcBridge.tsx:110
[   74579ms] [LOG] [TK Bridge] Sending state to 0 frames (rev: 1777095518917) {payload: Object, source: tk-loanword-arc-bridge, type: lesson-state} @ http://localhost:4321/src/components/LoanwordArcBridge.tsx:110
[   74679ms] [WARNING] The resource https://w-corp-staticblitz.com/fetch.worker.4c73681d.js was preloaded using link preload but not used within a few seconds from the window's load event. Please make sure it has an appropriate `as` value and it is preloaded intentionally. @ https://stackblitz.com/headless?version=1.5.1:0
[   80517ms] [WARNING] The resource https://w-corp-staticblitz.com/fetch.worker.4c73681d.js was preloaded using link preload but not used within a few seconds from the window's load event. Please make sure it has an appropriate `as` value and it is preloaded intentionally. @ https://stackblitz.com/headless?version=1.5.1:0
[   90426ms] [LOG] [TK Bridge] Sending state to 1 frames (rev: 1777095518917) {payload: Object, source: tk-loanword-arc-bridge, type: lesson-state} @ http://localhost:4321/src/components/LoanwordArcBridge.tsx?t=1777095537912:110
[   90426ms] [LOG] [TK Bridge] Sending state to 1 frames (rev: 1777095518918) {payload: Object, source: tk-loanword-arc-bridge, type: lesson-state} @ http://localhost:4321/src/components/LoanwordArcBridge.tsx?t=1777095537912:110
[   90728ms] [LOG] [TK Bridge] Sending state to 1 frames (rev: 1777095518918) {payload: Object, source: tk-loanword-arc-bridge, type: lesson-state} @ http://localhost:4321/src/components/LoanwordArcBridge.tsx?t=1777095537912:110
[   91328ms] [LOG] [TK Bridge] Sending state to 1 frames (rev: 1777095518918) {payload: Object, source: tk-loanword-arc-bridge, type: lesson-state} @ http://localhost:4321/src/components/LoanwordArcBridge.tsx?t=1777095537912:110
[   92028ms] [LOG] [TK Bridge] Sending state to 1 frames (rev: 1777095518918) {payload: Object, source: tk-loanword-arc-bridge, type: lesson-state} @ http://localhost:4321/src/components/LoanwordArcBridge.tsx?t=1777095537912:110
[   93628ms] [LOG] [TK Bridge] Sending state to 1 frames (rev: 1777095518918) {payload: Object, source: tk-loanword-arc-bridge, type: lesson-state} @ http://localhost:4321/src/components/LoanwordArcBridge.tsx?t=1777095537912:110
[  106492ms] [INFO] %cDownload the React DevTools for a better development experience: https://react.dev/link/react-devtools font-weight:bold @ http://localhost:4321/node_modules/.vite/deps/@astrojs_react_client__js.js?v=878a0ded:20103
[  106525ms] [LOG] [TK Bridge] Sending state to 0 frames (rev: 1777095554077) {payload: Object, source: tk-loanword-arc-bridge, type: lesson-state} @ http://localhost:4321/src/components/LoanwordArcBridge.tsx:110
[  106552ms] [LOG] [TK Bridge] Sending state to 0 frames (rev: 1777095554078) {payload: Object, source: tk-loanword-arc-bridge, type: lesson-state} @ http://localhost:4321/src/components/LoanwordArcBridge.tsx:110
[  106853ms] [LOG] [TK Bridge] Sending state to 0 frames (rev: 1777095554078) {payload: Object, source: tk-loanword-arc-bridge, type: lesson-state} @ http://localhost:4321/src/components/LoanwordArcBridge.tsx:110
[  107452ms] [LOG] [TK Bridge] Sending state to 0 frames (rev: 1777095554078) {payload: Object, source: tk-loanword-arc-bridge, type: lesson-state} @ http://localhost:4321/src/components/LoanwordArcBridge.tsx:110
[  108153ms] [LOG] [TK Bridge] Sending state to 0 frames (rev: 1777095554078) {payload: Object, source: tk-loanword-arc-bridge, type: lesson-state} @ http://localhost:4321/src/components/LoanwordArcBridge.tsx:110
[  109752ms] [LOG] [TK Bridge] Sending state to 0 frames (rev: 1777095554078) {payload: Object, source: tk-loanword-arc-bridge, type: lesson-state} @ http://localhost:4321/src/components/LoanwordArcBridge.tsx:110
[  109830ms] [WARNING] The resource https://w-corp-staticblitz.com/fetch.worker.4c73681d.js was preloaded using link preload but not used within a few seconds from the window's load event. Please make sure it has an appropriate `as` value and it is preloaded intentionally. @ https://stackblitz.com/headless?version=1.5.1:0
[  115672ms] [WARNING] The resource https://w-corp-staticblitz.com/fetch.worker.4c73681d.js was preloaded using link preload but not used within a few seconds from the window's load event. Please make sure it has an appropriate `as` value and it is preloaded intentionally. @ https://stackblitz.com/headless?version=1.5.1:0
[  122065ms] [LOG] [TK Bridge] Sending state to 1 frames (rev: 1777095554079) {payload: Object, source: tk-loanword-arc-bridge, type: lesson-state} @ http://localhost:4321/src/components/LoanwordArcBridge.tsx?t=1777095569248:110
[  122665ms] [LOG] [TK Bridge] Sending state to 1 frames (rev: 1777095554079) {payload: Object, source: tk-loanword-arc-bridge, type: lesson-state} @ http://localhost:4321/src/components/LoanwordArcBridge.tsx?t=1777095569248:110
[  123365ms] [LOG] [TK Bridge] Sending state to 1 frames (rev: 1777095554079) {payload: Object, source: tk-loanword-arc-bridge, type: lesson-state} @ http://localhost:4321/src/components/LoanwordArcBridge.tsx?t=1777095569248:110
[  124965ms] [LOG] [TK Bridge] Sending state to 1 frames (rev: 1777095554079) {payload: Object, source: tk-loanword-arc-bridge, type: lesson-state} @ http://localhost:4321/src/components/LoanwordArcBridge.tsx?t=1777095569248:110
[  126558ms] [INFO] %cDownload the React DevTools for a better development experience: https://react.dev/link/react-devtools font-weight:bold @ http://localhost:4321/node_modules/.vite/deps/@astrojs_react_client__js.js?v=878a0ded:20103
[  126920ms] [LOG] [TK Bridge] Sending state to 0 frames (rev: 1777095574155) {payload: Object, source: tk-loanword-arc-bridge, type: lesson-state} @ http://localhost:4321/src/components/LoanwordArcBridge.tsx:110
[  127518ms] [LOG] [TK Bridge] Sending state to 0 frames (rev: 1777095574155) {payload: Object, source: tk-loanword-arc-bridge, type: lesson-state} @ http://localhost:4321/src/components/LoanwordArcBridge.tsx:110
[  128220ms] [LOG] [TK Bridge] Sending state to 0 frames (rev: 1777095574155) {payload: Object, source: tk-loanword-arc-bridge, type: lesson-state} @ http://localhost:4321/src/components/LoanwordArcBridge.tsx:110
[  129819ms] [LOG] [TK Bridge] Sending state to 0 frames (rev: 1777095574155) {payload: Object, source: tk-loanword-arc-bridge, type: lesson-state} @ http://localhost:4321/src/components/LoanwordArcBridge.tsx:110
[  130004ms] [WARNING] The resource https://w-corp-staticblitz.com/fetch.worker.4c73681d.js was preloaded using link preload but not used within a few seconds from the window's load event. Please make sure it has an appropriate `as` value and it is preloaded intentionally. @ https://stackblitz.com/headless?version=1.5.1:0
[  133019ms] [LOG] [TK Bridge] Sending state to 1 frames (rev: 1777095574155) {payload: Object, source: tk-loanword-arc-bridge, type: lesson-state} @ http://localhost:4321/src/components/LoanwordArcBridge.tsx:110
[  134771ms] [WARNING] The resource https://w-corp-staticblitz.com/fetch.worker.4c73681d.js was preloaded using link preload but not used within a few seconds from the window's load event. Please make sure it has an appropriate `as` value and it is preloaded intentionally. @ https://stackblitz.com/headless?version=1.5.1:0
